<?xml version="1.0" encoding="UTF-8"?>
<testsuite xmlns:xsi="http://www.w3.org/2001/XMLSchema-instance" xsi:noNamespaceSchemaLocation="https://maven.apache.org/surefire/maven-surefire-plugin/xsd/surefire-test-report-3.0.xsd" version="3.0" name="com.example.urbanmobility.account.AccountControllerEndToEndTest" time="13.24" tests="6" errors="0" skipped="0" failures="0">
  <properties>
[...]
</properties>
  <testcase name="DeleteEndpoint_ShouldReturnOkStatusCode_AndStringMessage" classname="com.example.urbanmobility.account.AccountControllerEndToEndTest" time="1.552">
    <system-out><![CDATA[12:25:23.967 [main] INFO org.springframework.test.context.support.AnnotationConfigContextLoaderUtils -- Could not detect default configuration classes for test class [com.example.urbanmobility.account.AccountControllerEndToEndTest]: AccountControllerEndToEndTest does not declare any static, non-private, non-final, nested classes annotated with @Configuration.
12:25:24.197 [main] INFO org.springframework.boot.test.context.SpringBootTestContextBootstrapper -- Found @SpringBootConfiguration com.example.urbanmobility.UrbanMobilityApplication for test class com.example.urbanmobility.account.AccountControllerEndToEndTest

  .   ____          _            __ _ _
 /\\ / ___'_ __ _ _(_)_ __  __ _ \ \ \ \
( ( )\___ | '_ | '_| | '_ \/ _` | \ \ \ \
 \\/  ___)| |_)| | | | | || (_| |  ) ) ) )
  '  |____| .__|_| |_|_| |_\__, | / / / /
 =========|_|==============|___/=/_/_/_/
 :: Spring Boot ::                (v3.1.3)

2023-09-27T12:25:24.778+02:00  INFO 22664 --- [           main] c.e.u.a.AccountControllerEndToEndTest    : Starting AccountControllerEndToEndTest using Java 17.0.8 with PID 22664 (started by roder in C:\Dev\backend\spring\tutorial\start\urban-mobility)
2023-09-27T12:25:24.782+02:00  INFO 22664 --- [           main] c.e.u.a.AccountControllerEndToEndTest    : No active profile set, falling back to 1 default profile: "default"
2023-09-27T12:25:25.782+02:00  INFO 22664 --- [           main] .s.d.r.c.RepositoryConfigurationDelegate : Bootstrapping Spring Data JPA repositories in DEFAULT mode.
2023-09-27T12:25:25.864+02:00  INFO 22664 --- [           main] .s.d.r.c.RepositoryConfigurationDelegate : Finished Spring Data repository scanning in 63 ms. Found 2 JPA repository interfaces.
2023-09-27T12:25:26.428+02:00  INFO 22664 --- [           main] o.hibernate.jpa.internal.util.LogHelper  : HHH000204: Processing PersistenceUnitInfo [name: default]
2023-09-27T12:25:26.503+02:00  INFO 22664 --- [           main] org.hibernate.Version                    : HHH000412: Hibernate ORM core version 6.2.7.Final
2023-09-27T12:25:26.509+02:00  INFO 22664 --- [           main] org.hibernate.cfg.Environment            : HHH000406: Using bytecode reflection optimizer
2023-09-27T12:25:26.796+02:00  INFO 22664 --- [           main] o.h.b.i.BytecodeProviderInitiator        : HHH000021: Bytecode provider name : bytebuddy
2023-09-27T12:25:26.955+02:00  INFO 22664 --- [           main] o.s.o.j.p.SpringPersistenceUnitInfo      : No LoadTimeWeaver setup: ignoring JPA class transformer
2023-09-27T12:25:26.974+02:00  INFO 22664 --- [           main] com.zaxxer.hikari.HikariDataSource       : HikariPool-1 - Starting...
2023-09-27T12:25:27.244+02:00  INFO 22664 --- [           main] com.zaxxer.hikari.pool.HikariPool        : HikariPool-1 - Added connection conn0: url=jdbc:h2:mem:testdb user=SA
2023-09-27T12:25:27.247+02:00  INFO 22664 --- [           main] com.zaxxer.hikari.HikariDataSource       : HikariPool-1 - Start completed.
2023-09-27T12:25:27.613+02:00  INFO 22664 --- [           main] o.h.b.i.BytecodeProviderInitiator        : HHH000021: Bytecode provider name : bytebuddy
2023-09-27T12:25:28.490+02:00  INFO 22664 --- [           main] o.h.e.t.j.p.i.JtaPlatformInitiator       : HHH000490: Using JtaPlatform implementation: [org.hibernate.engine.transaction.jta.platform.internal.NoJtaPlatform]
Hibernate: 
    drop table if exists account cascade 
Hibernate: 
    drop table if exists routes cascade 
Hibernate: 
    create table account (
        is_payment_set boolean not null,
        payment_history integer not null,
        id bigint generated by default as identity,
        email varchar(255) not null unique,
        payment_method varchar(255) not null,
        phone varchar(255) not null,
        role varchar(255) not null,
        username varchar(255) not null unique,
        primary key (id)
    )
Hibernate: 
    create table routes (
        price float(53) not null,
        account_id bigint,
        id bigint generated by default as identity,
        arrival varchar(255) not null,
        departure varchar(255) not null,
        est_arrival varchar(255) not null,
        est_departure varchar(255) not null,
        supplier varchar(255) not null,
        transport_type varchar(255) not null,
        primary key (id)
    )
Hibernate: 
    alter table if exists routes 
       add constraint FKsaknftxvk67s49cn8bwvhucgt 
       foreign key (account_id) 
       references account
2023-09-27T12:25:28.546+02:00  INFO 22664 --- [           main] j.LocalContainerEntityManagerFactoryBean : Initialized JPA EntityManagerFactory for persistence unit 'default'
2023-09-27T12:25:29.386+02:00  WARN 22664 --- [           main] JpaBaseConfiguration$JpaWebConfiguration : spring.jpa.open-in-view is enabled by default. Therefore, database queries may be performed during view rendering. Explicitly configure spring.jpa.open-in-view to disable this warning
2023-09-27T12:25:29.931+02:00  INFO 22664 --- [           main] o.s.b.t.m.w.SpringBootMockServletContext : Initializing Spring TestDispatcherServlet ''
2023-09-27T12:25:29.931+02:00  INFO 22664 --- [           main] o.s.t.web.servlet.TestDispatcherServlet  : Initializing Servlet ''
2023-09-27T12:25:29.935+02:00  INFO 22664 --- [           main] o.s.t.web.servlet.TestDispatcherServlet  : Completed initialization in 1 ms
2023-09-27T12:25:29.959+02:00  INFO 22664 --- [           main] c.e.u.a.AccountControllerEndToEndTest    : Started AccountControllerEndToEndTest in 5.575 seconds (process running for 7.011)
Hibernate: 
    insert 
    into
        account
        (email,is_payment_set,payment_history,payment_method,phone,role,username,id) 
    values
        (?,?,?,?,?,?,?,default)
Hibernate: 
    select
        count(*) 
    from
        account a1_0 
    where
        a1_0.id=?
Hibernate: 
    select
        a1_0.id,
        a1_0.email,
        a1_0.is_payment_set,
        a1_0.payment_history,
        a1_0.payment_method,
        a1_0.phone,
        a1_0.role,
        a1_0.username 
    from
        account a1_0 
    where
        a1_0.id=?
Hibernate: 
    select
        r1_0.account_id,
        r1_0.id,
        r1_0.arrival,
        r1_0.departure,
        r1_0.est_arrival,
        r1_0.est_departure,
        r1_0.price,
        r1_0.supplier,
        r1_0.transport_type 
    from
        routes r1_0 
    where
        r1_0.account_id=?
Hibernate: 
    delete 
    from
        account 
    where
        id=?
2023-09-27T12:25:31.535+02:00  INFO 22664 --- [           main] j.LocalContainerEntityManagerFactoryBean : Closing JPA EntityManagerFactory for persistence unit 'default'
2023-09-27T12:25:31.540+02:00  INFO 22664 --- [           main] com.zaxxer.hikari.HikariDataSource       : HikariPool-1 - Shutdown initiated...
2023-09-27T12:25:31.543+02:00  INFO 22664 --- [           main] com.zaxxer.hikari.HikariDataSource       : HikariPool-1 - Shutdown completed.
]]></system-out>
  </testcase>
  <testcase name="DeleteEndPoint_ShouldReturnNotFoundStatusCode" classname="com.example.urbanmobility.account.AccountControllerEndToEndTest" time="0.037">
    <system-out><![CDATA[
  .   ____          _            __ _ _
 /\\ / ___'_ __ _ _(_)_ __  __ _ \ \ \ \
( ( )\___ | '_ | '_| | '_ \/ _` | \ \ \ \
 \\/  ___)| |_)| | | | | || (_| |  ) ) ) )
  '  |____| .__|_| |_|_| |_\__, | / / / /
 =========|_|==============|___/=/_/_/_/
 :: Spring Boot ::                (v3.1.3)

2023-09-27T12:25:31.583+02:00  INFO 22664 --- [           main] c.e.u.a.AccountControllerEndToEndTest    : Starting AccountControllerEndToEndTest using Java 17.0.8 with PID 22664 (started by roder in C:\Dev\backend\spring\tutorial\start\urban-mobility)
2023-09-27T12:25:31.583+02:00  INFO 22664 --- [           main] c.e.u.a.AccountControllerEndToEndTest    : No active profile set, falling back to 1 default profile: "default"
2023-09-27T12:25:31.928+02:00  INFO 22664 --- [           main] .s.d.r.c.RepositoryConfigurationDelegate : Bootstrapping Spring Data JPA repositories in DEFAULT mode.
2023-09-27T12:25:31.953+02:00  INFO 22664 --- [           main] .s.d.r.c.RepositoryConfigurationDelegate : Finished Spring Data repository scanning in 24 ms. Found 2 JPA repository interfaces.
2023-09-27T12:25:32.151+02:00  INFO 22664 --- [           main] o.hibernate.jpa.internal.util.LogHelper  : HHH000204: Processing PersistenceUnitInfo [name: default]
2023-09-27T12:25:32.162+02:00  INFO 22664 --- [           main] o.h.b.i.BytecodeProviderInitiator        : HHH000021: Bytecode provider name : bytebuddy
2023-09-27T12:25:32.163+02:00  INFO 22664 --- [           main] o.s.o.j.p.SpringPersistenceUnitInfo      : No LoadTimeWeaver setup: ignoring JPA class transformer
2023-09-27T12:25:32.165+02:00  INFO 22664 --- [           main] com.zaxxer.hikari.HikariDataSource       : HikariPool-2 - Starting...
2023-09-27T12:25:32.169+02:00  INFO 22664 --- [           main] com.zaxxer.hikari.pool.HikariPool        : HikariPool-2 - Added connection conn10: url=jdbc:h2:mem:testdb user=SA
2023-09-27T12:25:32.170+02:00  INFO 22664 --- [           main] com.zaxxer.hikari.HikariDataSource       : HikariPool-2 - Start completed.
2023-09-27T12:25:32.189+02:00  INFO 22664 --- [           main] o.h.b.i.BytecodeProviderInitiator        : HHH000021: Bytecode provider name : bytebuddy
2023-09-27T12:25:32.259+02:00  INFO 22664 --- [           main] o.h.e.t.j.p.i.JtaPlatformInitiator       : HHH000490: Using JtaPlatform implementation: [org.hibernate.engine.transaction.jta.platform.internal.NoJtaPlatform]
Hibernate: 
    drop table if exists account cascade 
Hibernate: 
    drop table if exists routes cascade 
Hibernate: 
    create table account (
        is_payment_set boolean not null,
        payment_history integer not null,
        id bigint generated by default as identity,
        email varchar(255) not null unique,
        payment_method varchar(255) not null,
        phone varchar(255) not null,
        role varchar(255) not null,
        username varchar(255) not null unique,
        primary key (id)
    )
Hibernate: 
    create table routes (
        price float(53) not null,
        account_id bigint,
        id bigint generated by default as identity,
        arrival varchar(255) not null,
        departure varchar(255) not null,
        est_arrival varchar(255) not null,
        est_departure varchar(255) not null,
        supplier varchar(255) not null,
        transport_type varchar(255) not null,
        primary key (id)
    )
Hibernate: 
    alter table if exists routes 
       add constraint FKsaknftxvk67s49cn8bwvhucgt 
       foreign key (account_id) 
       references account
2023-09-27T12:25:32.269+02:00  INFO 22664 --- [           main] j.LocalContainerEntityManagerFactoryBean : Initialized JPA EntityManagerFactory for persistence unit 'default'
2023-09-27T12:25:32.467+02:00  WARN 22664 --- [           main] JpaBaseConfiguration$JpaWebConfiguration : spring.jpa.open-in-view is enabled by default. Therefore, database queries may be performed during view rendering. Explicitly configure spring.jpa.open-in-view to disable this warning
2023-09-27T12:25:32.622+02:00  INFO 22664 --- [           main] o.s.b.t.m.w.SpringBootMockServletContext : Initializing Spring TestDispatcherServlet ''
2023-09-27T12:25:32.622+02:00  INFO 22664 --- [           main] o.s.t.web.servlet.TestDispatcherServlet  : Initializing Servlet ''
2023-09-27T12:25:32.622+02:00  INFO 22664 --- [           main] o.s.t.web.servlet.TestDispatcherServlet  : Completed initialization in 0 ms
2023-09-27T12:25:32.631+02:00  INFO 22664 --- [           main] c.e.u.a.AccountControllerEndToEndTest    : Started AccountControllerEndToEndTest in 1.074 seconds (process running for 9.683)
Hibernate: 
    select
        count(*) 
    from
        account a1_0 
    where
        a1_0.id=?
2023-09-27T12:25:32.672+02:00  INFO 22664 --- [           main] j.LocalContainerEntityManagerFactoryBean : Closing JPA EntityManagerFactory for persistence unit 'default'
2023-09-27T12:25:32.672+02:00  INFO 22664 --- [           main] com.zaxxer.hikari.HikariDataSource       : HikariPool-2 - Shutdown initiated...
2023-09-27T12:25:32.674+02:00  INFO 22664 --- [           main] com.zaxxer.hikari.HikariDataSource       : HikariPool-2 - Shutdown completed.
]]></system-out>
  </testcase>
  <testcase name="PutEndpoint_ShouldReturnOkStatusCode_AndUpdatedAccount" classname="com.example.urbanmobility.account.AccountControllerEndToEndTest" time="0.197">
    <system-out><![CDATA[
  .   ____          _            __ _ _
 /\\ / ___'_ __ _ _(_)_ __  __ _ \ \ \ \
( ( )\___ | '_ | '_| | '_ \/ _` | \ \ \ \
 \\/  ___)| |_)| | | | | || (_| |  ) ) ) )
  '  |____| .__|_| |_|_| |_\__, | / / / /
 =========|_|==============|___/=/_/_/_/
 :: Spring Boot ::                (v3.1.3)

2023-09-27T12:25:32.922+02:00  INFO 22664 --- [           main] c.e.u.a.AccountControllerEndToEndTest    : Starting AccountControllerEndToEndTest using Java 17.0.8 with PID 22664 (started by roder in C:\Dev\backend\spring\tutorial\start\urban-mobility)
2023-09-27T12:25:32.922+02:00  INFO 22664 --- [           main] c.e.u.a.AccountControllerEndToEndTest    : No active profile set, falling back to 1 default profile: "default"
2023-09-27T12:25:33.758+02:00  INFO 22664 --- [           main] .s.d.r.c.RepositoryConfigurationDelegate : Bootstrapping Spring Data JPA repositories in DEFAULT mode.
2023-09-27T12:25:33.788+02:00  INFO 22664 --- [           main] .s.d.r.c.RepositoryConfigurationDelegate : Finished Spring Data repository scanning in 28 ms. Found 2 JPA repository interfaces.
2023-09-27T12:25:33.875+02:00  INFO 22664 --- [           main] o.hibernate.jpa.internal.util.LogHelper  : HHH000204: Processing PersistenceUnitInfo [name: default]
2023-09-27T12:25:33.883+02:00  INFO 22664 --- [           main] o.h.b.i.BytecodeProviderInitiator        : HHH000021: Bytecode provider name : bytebuddy
2023-09-27T12:25:33.883+02:00  INFO 22664 --- [           main] o.s.o.j.p.SpringPersistenceUnitInfo      : No LoadTimeWeaver setup: ignoring JPA class transformer
2023-09-27T12:25:33.884+02:00  INFO 22664 --- [           main] com.zaxxer.hikari.HikariDataSource       : HikariPool-3 - Starting...
2023-09-27T12:25:33.887+02:00  INFO 22664 --- [           main] com.zaxxer.hikari.pool.HikariPool        : HikariPool-3 - Added connection conn20: url=jdbc:h2:mem:testdb user=SA
2023-09-27T12:25:33.887+02:00  INFO 22664 --- [           main] com.zaxxer.hikari.HikariDataSource       : HikariPool-3 - Start completed.
2023-09-27T12:25:33.906+02:00  INFO 22664 --- [           main] o.h.b.i.BytecodeProviderInitiator        : HHH000021: Bytecode provider name : bytebuddy
2023-09-27T12:25:33.987+02:00  INFO 22664 --- [           main] o.h.e.t.j.p.i.JtaPlatformInitiator       : HHH000490: Using JtaPlatform implementation: [org.hibernate.engine.transaction.jta.platform.internal.NoJtaPlatform]
Hibernate: 
    drop table if exists account cascade 
Hibernate: 
    drop table if exists routes cascade 
Hibernate: 
    create table account (
        is_payment_set boolean not null,
        payment_history integer not null,
        id bigint generated by default as identity,
        email varchar(255) not null unique,
        payment_method varchar(255) not null,
        phone varchar(255) not null,
        role varchar(255) not null,
        username varchar(255) not null unique,
        primary key (id)
    )
Hibernate: 
    create table routes (
        price float(53) not null,
        account_id bigint,
        id bigint generated by default as identity,
        arrival varchar(255) not null,
        departure varchar(255) not null,
        est_arrival varchar(255) not null,
        est_departure varchar(255) not null,
        supplier varchar(255) not null,
        transport_type varchar(255) not null,
        primary key (id)
    )
Hibernate: 
    alter table if exists routes 
       add constraint FKsaknftxvk67s49cn8bwvhucgt 
       foreign key (account_id) 
       references account
2023-09-27T12:25:34.017+02:00  INFO 22664 --- [           main] j.LocalContainerEntityManagerFactoryBean : Initialized JPA EntityManagerFactory for persistence unit 'default'
2023-09-27T12:25:34.106+02:00  WARN 22664 --- [           main] JpaBaseConfiguration$JpaWebConfiguration : spring.jpa.open-in-view is enabled by default. Therefore, database queries may be performed during view rendering. Explicitly configure spring.jpa.open-in-view to disable this warning
2023-09-27T12:25:34.202+02:00  INFO 22664 --- [           main] o.s.b.t.m.w.SpringBootMockServletContext : Initializing Spring TestDispatcherServlet ''
2023-09-27T12:25:34.203+02:00  INFO 22664 --- [           main] o.s.t.web.servlet.TestDispatcherServlet  : Initializing Servlet ''
2023-09-27T12:25:34.204+02:00  INFO 22664 --- [           main] o.s.t.web.servlet.TestDispatcherServlet  : Completed initialization in 1 ms
2023-09-27T12:25:34.220+02:00  INFO 22664 --- [           main] c.e.u.a.AccountControllerEndToEndTest    : Started AccountControllerEndToEndTest in 1.542 seconds (process running for 11.272)
Hibernate: 
    insert 
    into
        account
        (email,is_payment_set,payment_history,payment_method,phone,role,username,id) 
    values
        (?,?,?,?,?,?,?,default)
Hibernate: 
    select
        a1_0.id,
        a1_0.email,
        a1_0.is_payment_set,
        a1_0.payment_history,
        a1_0.payment_method,
        a1_0.phone,
        a1_0.role,
        a1_0.username 
    from
        account a1_0 
    where
        a1_0.id=?
Hibernate: 
    update
        routes 
    set
        account_id=null 
    where
        account_id=?
2023-09-27T12:25:34.424+02:00  INFO 22664 --- [           main] j.LocalContainerEntityManagerFactoryBean : Closing JPA EntityManagerFactory for persistence unit 'default'
2023-09-27T12:25:34.425+02:00  INFO 22664 --- [           main] com.zaxxer.hikari.HikariDataSource       : HikariPool-3 - Shutdown initiated...
2023-09-27T12:25:34.426+02:00  INFO 22664 --- [           main] com.zaxxer.hikari.HikariDataSource       : HikariPool-3 - Shutdown completed.
]]></system-out>
  </testcase>
  <testcase name="PutEndPoint_ShouldReturnNotFoundStatusCode" classname="com.example.urbanmobility.account.AccountControllerEndToEndTest" time="0.024">
    <system-out><![CDATA[
  .   ____          _            __ _ _
 /\\ / ___'_ __ _ _(_)_ __  __ _ \ \ \ \
( ( )\___ | '_ | '_| | '_ \/ _` | \ \ \ \
 \\/  ___)| |_)| | | | | || (_| |  ) ) ) )
  '  |____| .__|_| |_|_| |_\__, | / / / /
 =========|_|==============|___/=/_/_/_/
 :: Spring Boot ::                (v3.1.3)

2023-09-27T12:25:34.492+02:00  INFO 22664 --- [           main] c.e.u.a.AccountControllerEndToEndTest    : Starting AccountControllerEndToEndTest using Java 17.0.8 with PID 22664 (started by roder in C:\Dev\backend\spring\tutorial\start\urban-mobility)
2023-09-27T12:25:34.493+02:00  INFO 22664 --- [           main] c.e.u.a.AccountControllerEndToEndTest    : No active profile set, falling back to 1 default profile: "default"
2023-09-27T12:25:34.736+02:00  INFO 22664 --- [           main] .s.d.r.c.RepositoryConfigurationDelegate : Bootstrapping Spring Data JPA repositories in DEFAULT mode.
2023-09-27T12:25:34.753+02:00  INFO 22664 --- [           main] .s.d.r.c.RepositoryConfigurationDelegate : Finished Spring Data repository scanning in 16 ms. Found 2 JPA repository interfaces.
2023-09-27T12:25:34.887+02:00  INFO 22664 --- [           main] o.hibernate.jpa.internal.util.LogHelper  : HHH000204: Processing PersistenceUnitInfo [name: default]
2023-09-27T12:25:34.906+02:00  INFO 22664 --- [           main] o.h.b.i.BytecodeProviderInitiator        : HHH000021: Bytecode provider name : bytebuddy
2023-09-27T12:25:34.906+02:00  INFO 22664 --- [           main] o.s.o.j.p.SpringPersistenceUnitInfo      : No LoadTimeWeaver setup: ignoring JPA class transformer
2023-09-27T12:25:34.907+02:00  INFO 22664 --- [           main] com.zaxxer.hikari.HikariDataSource       : HikariPool-4 - Starting...
2023-09-27T12:25:34.909+02:00  INFO 22664 --- [           main] com.zaxxer.hikari.pool.HikariPool        : HikariPool-4 - Added connection conn30: url=jdbc:h2:mem:testdb user=SA
2023-09-27T12:25:34.909+02:00  INFO 22664 --- [           main] com.zaxxer.hikari.HikariDataSource       : HikariPool-4 - Start completed.
2023-09-27T12:25:34.928+02:00  INFO 22664 --- [           main] o.h.b.i.BytecodeProviderInitiator        : HHH000021: Bytecode provider name : bytebuddy
2023-09-27T12:25:34.979+02:00  INFO 22664 --- [           main] o.h.e.t.j.p.i.JtaPlatformInitiator       : HHH000490: Using JtaPlatform implementation: [org.hibernate.engine.transaction.jta.platform.internal.NoJtaPlatform]
Hibernate: 
    drop table if exists account cascade 
Hibernate: 
    drop table if exists routes cascade 
Hibernate: 
    create table account (
        is_payment_set boolean not null,
        payment_history integer not null,
        id bigint generated by default as identity,
        email varchar(255) not null unique,
        payment_method varchar(255) not null,
        phone varchar(255) not null,
        role varchar(255) not null,
        username varchar(255) not null unique,
        primary key (id)
    )
Hibernate: 
    create table routes (
        price float(53) not null,
        account_id bigint,
        id bigint generated by default as identity,
        arrival varchar(255) not null,
        departure varchar(255) not null,
        est_arrival varchar(255) not null,
        est_departure varchar(255) not null,
        supplier varchar(255) not null,
        transport_type varchar(255) not null,
        primary key (id)
    )
Hibernate: 
    alter table if exists routes 
       add constraint FKsaknftxvk67s49cn8bwvhucgt 
       foreign key (account_id) 
       references account
2023-09-27T12:25:34.986+02:00  INFO 22664 --- [           main] j.LocalContainerEntityManagerFactoryBean : Initialized JPA EntityManagerFactory for persistence unit 'default'
2023-09-27T12:25:35.121+02:00  WARN 22664 --- [           main] JpaBaseConfiguration$JpaWebConfiguration : spring.jpa.open-in-view is enabled by default. Therefore, database queries may be performed during view rendering. Explicitly configure spring.jpa.open-in-view to disable this warning
2023-09-27T12:25:35.220+02:00  INFO 22664 --- [           main] o.s.b.t.m.w.SpringBootMockServletContext : Initializing Spring TestDispatcherServlet ''
2023-09-27T12:25:35.221+02:00  INFO 22664 --- [           main] o.s.t.web.servlet.TestDispatcherServlet  : Initializing Servlet ''
2023-09-27T12:25:35.221+02:00  INFO 22664 --- [           main] o.s.t.web.servlet.TestDispatcherServlet  : Completed initialization in 0 ms
2023-09-27T12:25:35.226+02:00  INFO 22664 --- [           main] c.e.u.a.AccountControllerEndToEndTest    : Started AccountControllerEndToEndTest in 0.794 seconds (process running for 12.277)
Hibernate: 
    select
        a1_0.id,
        a1_0.email,
        a1_0.is_payment_set,
        a1_0.payment_history,
        a1_0.payment_method,
        a1_0.phone,
        a1_0.role,
        a1_0.username 
    from
        account a1_0 
    where
        a1_0.id=?
Hibernate: 
    select
        a1_0.id,
        a1_0.email,
        a1_0.is_payment_set,
        a1_0.payment_history,
        a1_0.payment_method,
        a1_0.phone,
        a1_0.role,
        a1_0.username 
    from
        account a1_0 
    where
        a1_0.id=?
2023-09-27T12:25:35.249+02:00  INFO 22664 --- [           main] j.LocalContainerEntityManagerFactoryBean : Closing JPA EntityManagerFactory for persistence unit 'default'
2023-09-27T12:25:35.250+02:00  INFO 22664 --- [           main] com.zaxxer.hikari.HikariDataSource       : HikariPool-4 - Shutdown initiated...
2023-09-27T12:25:35.252+02:00  INFO 22664 --- [           main] com.zaxxer.hikari.HikariDataSource       : HikariPool-4 - Shutdown completed.
]]></system-out>
  </testcase>
  <testcase name="PostEndPoint_ShouldReturnConflictStatusCode" classname="com.example.urbanmobility.account.AccountControllerEndToEndTest" time="0.116">
    <system-out><![CDATA[
  .   ____          _            __ _ _
 /\\ / ___'_ __ _ _(_)_ __  __ _ \ \ \ \
( ( )\___ | '_ | '_| | '_ \/ _` | \ \ \ \
 \\/  ___)| |_)| | | | | || (_| |  ) ) ) )
  '  |____| .__|_| |_|_| |_\__, | / / / /
 =========|_|==============|___/=/_/_/_/
 :: Spring Boot ::                (v3.1.3)

2023-09-27T12:25:35.312+02:00  INFO 22664 --- [           main] c.e.u.a.AccountControllerEndToEndTest    : Starting AccountControllerEndToEndTest using Java 17.0.8 with PID 22664 (started by roder in C:\Dev\backend\spring\tutorial\start\urban-mobility)
2023-09-27T12:25:35.314+02:00  INFO 22664 --- [           main] c.e.u.a.AccountControllerEndToEndTest    : No active profile set, falling back to 1 default profile: "default"
2023-09-27T12:25:35.517+02:00  INFO 22664 --- [           main] .s.d.r.c.RepositoryConfigurationDelegate : Bootstrapping Spring Data JPA repositories in DEFAULT mode.
2023-09-27T12:25:35.527+02:00  INFO 22664 --- [           main] .s.d.r.c.RepositoryConfigurationDelegate : Finished Spring Data repository scanning in 10 ms. Found 2 JPA repository interfaces.
2023-09-27T12:25:35.599+02:00  INFO 22664 --- [           main] o.hibernate.jpa.internal.util.LogHelper  : HHH000204: Processing PersistenceUnitInfo [name: default]
2023-09-27T12:25:35.637+02:00  INFO 22664 --- [           main] o.h.b.i.BytecodeProviderInitiator        : HHH000021: Bytecode provider name : bytebuddy
2023-09-27T12:25:35.637+02:00  INFO 22664 --- [           main] o.s.o.j.p.SpringPersistenceUnitInfo      : No LoadTimeWeaver setup: ignoring JPA class transformer
2023-09-27T12:25:35.645+02:00  INFO 22664 --- [           main] com.zaxxer.hikari.HikariDataSource       : HikariPool-5 - Starting...
2023-09-27T12:25:35.658+02:00  INFO 22664 --- [           main] com.zaxxer.hikari.pool.HikariPool        : HikariPool-5 - Added connection conn40: url=jdbc:h2:mem:testdb user=SA
2023-09-27T12:25:35.660+02:00  INFO 22664 --- [           main] com.zaxxer.hikari.HikariDataSource       : HikariPool-5 - Start completed.
2023-09-27T12:25:35.741+02:00  INFO 22664 --- [           main] o.h.b.i.BytecodeProviderInitiator        : HHH000021: Bytecode provider name : bytebuddy
2023-09-27T12:25:35.818+02:00  INFO 22664 --- [           main] o.h.e.t.j.p.i.JtaPlatformInitiator       : HHH000490: Using JtaPlatform implementation: [org.hibernate.engine.transaction.jta.platform.internal.NoJtaPlatform]
Hibernate: 
    drop table if exists account cascade 
Hibernate: 
    drop table if exists routes cascade 
Hibernate: 
    create table account (
        is_payment_set boolean not null,
        payment_history integer not null,
        id bigint generated by default as identity,
        email varchar(255) not null unique,
        payment_method varchar(255) not null,
        phone varchar(255) not null,
        role varchar(255) not null,
        username varchar(255) not null unique,
        primary key (id)
    )
Hibernate: 
    create table routes (
        price float(53) not null,
        account_id bigint,
        id bigint generated by default as identity,
        arrival varchar(255) not null,
        departure varchar(255) not null,
        est_arrival varchar(255) not null,
        est_departure varchar(255) not null,
        supplier varchar(255) not null,
        transport_type varchar(255) not null,
        primary key (id)
    )
Hibernate: 
    alter table if exists routes 
       add constraint FKsaknftxvk67s49cn8bwvhucgt 
       foreign key (account_id) 
       references account
2023-09-27T12:25:35.845+02:00  INFO 22664 --- [           main] j.LocalContainerEntityManagerFactoryBean : Initialized JPA EntityManagerFactory for persistence unit 'default'
2023-09-27T12:25:35.977+02:00  WARN 22664 --- [           main] JpaBaseConfiguration$JpaWebConfiguration : spring.jpa.open-in-view is enabled by default. Therefore, database queries may be performed during view rendering. Explicitly configure spring.jpa.open-in-view to disable this warning
2023-09-27T12:25:36.066+02:00  INFO 22664 --- [           main] o.s.b.t.m.w.SpringBootMockServletContext : Initializing Spring TestDispatcherServlet ''
2023-09-27T12:25:36.066+02:00  INFO 22664 --- [           main] o.s.t.web.servlet.TestDispatcherServlet  : Initializing Servlet ''
2023-09-27T12:25:36.066+02:00  INFO 22664 --- [           main] o.s.t.web.servlet.TestDispatcherServlet  : Completed initialization in 0 ms
2023-09-27T12:25:36.070+02:00  INFO 22664 --- [           main] c.e.u.a.AccountControllerEndToEndTest    : Started AccountControllerEndToEndTest in 0.814 seconds (process running for 13.121)
Hibernate: 
    insert 
    into
        account
        (email,is_payment_set,payment_history,payment_method,phone,role,username,id) 
    values
        (?,?,?,?,?,?,?,default)
Hibernate: 
    select
        a1_0.id,
        a1_0.email,
        a1_0.is_payment_set,
        a1_0.payment_history,
        a1_0.payment_method,
        a1_0.phone,
        a1_0.role,
        a1_0.username 
    from
        account a1_0 
    where
        a1_0.username=?
2023-09-27T12:25:36.185+02:00  INFO 22664 --- [           main] j.LocalContainerEntityManagerFactoryBean : Closing JPA EntityManagerFactory for persistence unit 'default'
2023-09-27T12:25:36.185+02:00  INFO 22664 --- [           main] com.zaxxer.hikari.HikariDataSource       : HikariPool-5 - Shutdown initiated...
2023-09-27T12:25:36.186+02:00  INFO 22664 --- [           main] com.zaxxer.hikari.HikariDataSource       : HikariPool-5 - Shutdown completed.
]]></system-out>
  </testcase>
  <testcase name="PostEndPoint_ShouldReturnCreateStatusCode_AndReturnCreatedAccount" classname="com.example.urbanmobility.account.AccountControllerEndToEndTest" time="0.033">
    <system-out><![CDATA[
  .   ____          _            __ _ _
 /\\ / ___'_ __ _ _(_)_ __  __ _ \ \ \ \
( ( )\___ | '_ | '_| | '_ \/ _` | \ \ \ \
 \\/  ___)| |_)| | | | | || (_| |  ) ) ) )
  '  |____| .__|_| |_|_| |_\__, | / / / /
 =========|_|==============|___/=/_/_/_/
 :: Spring Boot ::                (v3.1.3)

2023-09-27T12:25:36.225+02:00  INFO 22664 --- [           main] c.e.u.a.AccountControllerEndToEndTest    : Starting AccountControllerEndToEndTest using Java 17.0.8 with PID 22664 (started by roder in C:\Dev\backend\spring\tutorial\start\urban-mobility)
2023-09-27T12:25:36.225+02:00  INFO 22664 --- [           main] c.e.u.a.AccountControllerEndToEndTest    : No active profile set, falling back to 1 default profile: "default"
2023-09-27T12:25:36.446+02:00  INFO 22664 --- [           main] .s.d.r.c.RepositoryConfigurationDelegate : Bootstrapping Spring Data JPA repositories in DEFAULT mode.
2023-09-27T12:25:36.459+02:00  INFO 22664 --- [           main] .s.d.r.c.RepositoryConfigurationDelegate : Finished Spring Data repository scanning in 12 ms. Found 2 JPA repository interfaces.
2023-09-27T12:25:36.545+02:00  INFO 22664 --- [           main] o.hibernate.jpa.internal.util.LogHelper  : HHH000204: Processing PersistenceUnitInfo [name: default]
2023-09-27T12:25:36.571+02:00  INFO 22664 --- [           main] o.h.b.i.BytecodeProviderInitiator        : HHH000021: Bytecode provider name : bytebuddy
2023-09-27T12:25:36.571+02:00  INFO 22664 --- [           main] o.s.o.j.p.SpringPersistenceUnitInfo      : No LoadTimeWeaver setup: ignoring JPA class transformer
2023-09-27T12:25:36.572+02:00  INFO 22664 --- [           main] com.zaxxer.hikari.HikariDataSource       : HikariPool-6 - Starting...
2023-09-27T12:25:36.574+02:00  INFO 22664 --- [           main] com.zaxxer.hikari.pool.HikariPool        : HikariPool-6 - Added connection conn50: url=jdbc:h2:mem:testdb user=SA
2023-09-27T12:25:36.575+02:00  INFO 22664 --- [           main] com.zaxxer.hikari.HikariDataSource       : HikariPool-6 - Start completed.
2023-09-27T12:25:36.617+02:00  INFO 22664 --- [           main] o.h.b.i.BytecodeProviderInitiator        : HHH000021: Bytecode provider name : bytebuddy
2023-09-27T12:25:36.667+02:00  INFO 22664 --- [           main] o.h.e.t.j.p.i.JtaPlatformInitiator       : HHH000490: Using JtaPlatform implementation: [org.hibernate.engine.transaction.jta.platform.internal.NoJtaPlatform]
Hibernate: 
    drop table if exists account cascade 
Hibernate: 
    drop table if exists routes cascade 
Hibernate: 
    create table account (
        is_payment_set boolean not null,
        payment_history integer not null,
        id bigint generated by default as identity,
        email varchar(255) not null unique,
        payment_method varchar(255) not null,
        phone varchar(255) not null,
        role varchar(255) not null,
        username varchar(255) not null unique,
        primary key (id)
    )
Hibernate: 
    create table routes (
        price float(53) not null,
        account_id bigint,
        id bigint generated by default as identity,
        arrival varchar(255) not null,
        departure varchar(255) not null,
        est_arrival varchar(255) not null,
        est_departure varchar(255) not null,
        supplier varchar(255) not null,
        transport_type varchar(255) not null,
        primary key (id)
    )
Hibernate: 
    alter table if exists routes 
       add constraint FKsaknftxvk67s49cn8bwvhucgt 
       foreign key (account_id) 
       references account
2023-09-27T12:25:36.672+02:00  INFO 22664 --- [           main] j.LocalContainerEntityManagerFactoryBean : Initialized JPA EntityManagerFactory for persistence unit 'default'
2023-09-27T12:25:36.878+02:00  WARN 22664 --- [           main] JpaBaseConfiguration$JpaWebConfiguration : spring.jpa.open-in-view is enabled by default. Therefore, database queries may be performed during view rendering. Explicitly configure spring.jpa.open-in-view to disable this warning
2023-09-27T12:25:36.966+02:00  INFO 22664 --- [           main] o.s.b.t.m.w.SpringBootMockServletContext : Initializing Spring TestDispatcherServlet ''
2023-09-27T12:25:36.967+02:00  INFO 22664 --- [           main] o.s.t.web.servlet.TestDispatcherServlet  : Initializing Servlet ''
2023-09-27T12:25:36.967+02:00  INFO 22664 --- [           main] o.s.t.web.servlet.TestDispatcherServlet  : Completed initialization in 0 ms
2023-09-27T12:25:36.972+02:00  INFO 22664 --- [           main] c.e.u.a.AccountControllerEndToEndTest    : Started AccountControllerEndToEndTest in 0.781 seconds (process running for 14.024)
Hibernate: 
    select
        a1_0.id,
        a1_0.email,
        a1_0.is_payment_set,
        a1_0.payment_history,
        a1_0.payment_method,
        a1_0.phone,
        a1_0.role,
        a1_0.username 
    from
        account a1_0 
    where
        a1_0.username=?
Hibernate: 
    select
        a1_0.id,
        a1_0.email,
        a1_0.is_payment_set,
        a1_0.payment_history,
        a1_0.payment_method,
        a1_0.phone,
        a1_0.role,
        a1_0.username 
    from
        account a1_0 
    where
        a1_0.email=?
Hibernate: 
    insert 
    into
        account
        (email,is_payment_set,payment_history,payment_method,phone,role,username,id) 
    values
        (?,?,?,?,?,?,?,default)
2023-09-27T12:25:37.003+02:00  INFO 22664 --- [           main] j.LocalContainerEntityManagerFactoryBean : Closing JPA EntityManagerFactory for persistence unit 'default'
2023-09-27T12:25:37.005+02:00  INFO 22664 --- [           main] com.zaxxer.hikari.HikariDataSource       : HikariPool-6 - Shutdown initiated...
2023-09-27T12:25:37.007+02:00  INFO 22664 --- [           main] com.zaxxer.hikari.HikariDataSource       : HikariPool-6 - Shutdown completed.
]]></system-out>
  </testcase>
</testsuite>