<?xml version="1.0" encoding="UTF-8"?>
<testsuite xmlns:xsi="http://www.w3.org/2001/XMLSchema-instance" xsi:noNamespaceSchemaLocation="https://maven.apache.org/surefire/maven-surefire-plugin/xsd/surefire-test-report-3.0.xsd" version="3.0" name="com.example.urbanmobility.auth.AuthServiceIntegrationTest" time="5.357" tests="3" errors="0" skipped="0" failures="0">
  <properties>
[...]
</properties>
  <testcase name="ShouldThrowException_IfAccountIsNotASupplier" classname="com.example.urbanmobility.auth.AuthServiceIntegrationTest" time="0.091">
    <system-out><![CDATA[2023-09-27T12:25:40.919+02:00  INFO 22664 --- [           main] t.c.s.AnnotationConfigContextLoaderUtils : Could not detect default configuration classes for test class [com.example.urbanmobility.auth.AuthServiceIntegrationTest]: AuthServiceIntegrationTest does not declare any static, non-private, non-final, nested classes annotated with @Configuration.
2023-09-27T12:25:40.939+02:00  INFO 22664 --- [           main] .b.t.c.SpringBootTestContextBootstrapper : Found @SpringBootConfiguration com.example.urbanmobility.UrbanMobilityApplication for test class com.example.urbanmobility.auth.AuthServiceIntegrationTest

  .   ____          _            __ _ _
 /\\ / ___'_ __ _ _(_)_ __  __ _ \ \ \ \
( ( )\___ | '_ | '_| | '_ \/ _` | \ \ \ \
 \\/  ___)| |_)| | | | | || (_| |  ) ) ) )
  '  |____| .__|_| |_|_| |_\__, | / / / /
 =========|_|==============|___/=/_/_/_/
 :: Spring Boot ::                (v3.1.3)

2023-09-27T12:25:41.038+02:00  INFO 22664 --- [           main] c.e.u.auth.AuthServiceIntegrationTest    : Starting AuthServiceIntegrationTest using Java 17.0.8 with PID 22664 (started by roder in C:\Dev\backend\spring\tutorial\start\urban-mobility)
2023-09-27T12:25:41.038+02:00  INFO 22664 --- [           main] c.e.u.auth.AuthServiceIntegrationTest    : No active profile set, falling back to 1 default profile: "default"
2023-09-27T12:25:41.651+02:00  INFO 22664 --- [           main] .s.d.r.c.RepositoryConfigurationDelegate : Bootstrapping Spring Data JPA repositories in DEFAULT mode.
2023-09-27T12:25:41.780+02:00  INFO 22664 --- [           main] .s.d.r.c.RepositoryConfigurationDelegate : Finished Spring Data repository scanning in 125 ms. Found 2 JPA repository interfaces.
2023-09-27T12:25:42.130+02:00  INFO 22664 --- [           main] o.hibernate.jpa.internal.util.LogHelper  : HHH000204: Processing PersistenceUnitInfo [name: default]
2023-09-27T12:25:42.153+02:00  INFO 22664 --- [           main] o.h.b.i.BytecodeProviderInitiator        : HHH000021: Bytecode provider name : bytebuddy
2023-09-27T12:25:42.154+02:00  INFO 22664 --- [           main] o.s.o.j.p.SpringPersistenceUnitInfo      : No LoadTimeWeaver setup: ignoring JPA class transformer
2023-09-27T12:25:42.158+02:00  INFO 22664 --- [           main] com.zaxxer.hikari.HikariDataSource       : HikariPool-10 - Starting...
2023-09-27T12:25:42.171+02:00  INFO 22664 --- [           main] com.zaxxer.hikari.pool.HikariPool        : HikariPool-10 - Added connection conn90: url=jdbc:h2:mem:testdb user=SA
2023-09-27T12:25:42.173+02:00  INFO 22664 --- [           main] com.zaxxer.hikari.HikariDataSource       : HikariPool-10 - Start completed.
2023-09-27T12:25:42.214+02:00  INFO 22664 --- [           main] o.h.b.i.BytecodeProviderInitiator        : HHH000021: Bytecode provider name : bytebuddy
2023-09-27T12:25:42.347+02:00  INFO 22664 --- [           main] o.h.e.t.j.p.i.JtaPlatformInitiator       : HHH000490: Using JtaPlatform implementation: [org.hibernate.engine.transaction.jta.platform.internal.NoJtaPlatform]
Hibernate: 
    drop table if exists account cascade 
Hibernate: 
    drop table if exists routes cascade 
Hibernate: 
    create table account (
        is_payment_set boolean not null,
        payment_history integer not null,
        id bigint generated by default as identity,
        email varchar(255) not null unique,
        payment_method varchar(255) not null,
        phone varchar(255) not null,
        role varchar(255) not null,
        username varchar(255) not null unique,
        primary key (id)
    )
Hibernate: 
    create table routes (
        price float(53) not null,
        account_id bigint,
        id bigint generated by default as identity,
        arrival varchar(255) not null,
        departure varchar(255) not null,
        est_arrival varchar(255) not null,
        est_departure varchar(255) not null,
        supplier varchar(255) not null,
        transport_type varchar(255) not null,
        primary key (id)
    )
Hibernate: 
    alter table if exists routes 
       add constraint FKsaknftxvk67s49cn8bwvhucgt 
       foreign key (account_id) 
       references account
2023-09-27T12:25:42.362+02:00  INFO 22664 --- [           main] j.LocalContainerEntityManagerFactoryBean : Initialized JPA EntityManagerFactory for persistence unit 'default'
2023-09-27T12:25:43.372+02:00  WARN 22664 --- [           main] JpaBaseConfiguration$JpaWebConfiguration : spring.jpa.open-in-view is enabled by default. Therefore, database queries may be performed during view rendering. Explicitly configure spring.jpa.open-in-view to disable this warning
2023-09-27T12:25:43.763+02:00  INFO 22664 --- [           main] c.e.u.auth.AuthServiceIntegrationTest    : Started AuthServiceIntegrationTest in 2.816 seconds (process running for 20.814)
Hibernate: 
    select
        a1_0.id,
        a1_0.email,
        a1_0.is_payment_set,
        a1_0.payment_history,
        a1_0.payment_method,
        a1_0.phone,
        a1_0.role,
        a1_0.username 
    from
        account a1_0 
    where
        a1_0.username=?
Hibernate: 
    select
        a1_0.id,
        a1_0.email,
        a1_0.is_payment_set,
        a1_0.payment_history,
        a1_0.payment_method,
        a1_0.phone,
        a1_0.role,
        a1_0.username 
    from
        account a1_0 
    where
        a1_0.email=?
Hibernate: 
    select
        a1_0.id,
        a1_0.email,
        a1_0.is_payment_set,
        a1_0.payment_history,
        a1_0.payment_method,
        a1_0.phone,
        a1_0.role,
        a1_0.username,
        r1_0.account_id,
        r1_0.id,
        r1_0.arrival,
        r1_0.departure,
        r1_0.est_arrival,
        r1_0.est_departure,
        r1_0.price,
        r1_0.supplier,
        r1_0.transport_type 
    from
        account a1_0 
    left join
        routes r1_0 
            on a1_0.id=r1_0.account_id 
    where
        a1_0.id=?
Hibernate: 
    insert 
    into
        account
        (email,is_payment_set,payment_history,payment_method,phone,role,username,id) 
    values
        (?,?,?,?,?,?,?,default)
Hibernate: 
    select
        count(*) 
    from
        account a1_0 
    where
        a1_0.id=?
Hibernate: 
    select
        a1_0.id,
        a1_0.email,
        a1_0.is_payment_set,
        a1_0.payment_history,
        a1_0.payment_method,
        a1_0.phone,
        a1_0.role,
        a1_0.username 
    from
        account a1_0 
    where
        a1_0.id=?
2023-09-27T12:25:43.818+02:00  INFO 22664 --- [           main] j.LocalContainerEntityManagerFactoryBean : Closing JPA EntityManagerFactory for persistence unit 'default'
2023-09-27T12:25:43.818+02:00  INFO 22664 --- [           main] com.zaxxer.hikari.HikariDataSource       : HikariPool-10 - Shutdown initiated...
2023-09-27T12:25:43.864+02:00  INFO 22664 --- [           main] com.zaxxer.hikari.HikariDataSource       : HikariPool-10 - Shutdown completed.
]]></system-out>
  </testcase>
  <testcase name="ShouldThrowException_IfAccountIdDoesNotExist" classname="com.example.urbanmobility.auth.AuthServiceIntegrationTest" time="0.016">
    <system-out><![CDATA[
  .   ____          _            __ _ _
 /\\ / ___'_ __ _ _(_)_ __  __ _ \ \ \ \
( ( )\___ | '_ | '_| | '_ \/ _` | \ \ \ \
 \\/  ___)| |_)| | | | | || (_| |  ) ) ) )
  '  |____| .__|_| |_|_| |_\__, | / / / /
 =========|_|==============|___/=/_/_/_/
 :: Spring Boot ::                (v3.1.3)

2023-09-27T12:25:43.926+02:00  INFO 22664 --- [           main] c.e.u.auth.AuthServiceIntegrationTest    : Starting AuthServiceIntegrationTest using Java 17.0.8 with PID 22664 (started by roder in C:\Dev\backend\spring\tutorial\start\urban-mobility)
2023-09-27T12:25:43.927+02:00  INFO 22664 --- [           main] c.e.u.auth.AuthServiceIntegrationTest    : No active profile set, falling back to 1 default profile: "default"
2023-09-27T12:25:44.521+02:00  INFO 22664 --- [           main] .s.d.r.c.RepositoryConfigurationDelegate : Bootstrapping Spring Data JPA repositories in DEFAULT mode.
2023-09-27T12:25:44.533+02:00  INFO 22664 --- [           main] .s.d.r.c.RepositoryConfigurationDelegate : Finished Spring Data repository scanning in 11 ms. Found 2 JPA repository interfaces.
2023-09-27T12:25:44.633+02:00  INFO 22664 --- [           main] o.hibernate.jpa.internal.util.LogHelper  : HHH000204: Processing PersistenceUnitInfo [name: default]
2023-09-27T12:25:44.643+02:00  INFO 22664 --- [           main] o.h.b.i.BytecodeProviderInitiator        : HHH000021: Bytecode provider name : bytebuddy
2023-09-27T12:25:44.644+02:00  INFO 22664 --- [           main] o.s.o.j.p.SpringPersistenceUnitInfo      : No LoadTimeWeaver setup: ignoring JPA class transformer
2023-09-27T12:25:44.645+02:00  INFO 22664 --- [           main] com.zaxxer.hikari.HikariDataSource       : HikariPool-11 - Starting...
2023-09-27T12:25:44.648+02:00  INFO 22664 --- [           main] com.zaxxer.hikari.pool.HikariPool        : HikariPool-11 - Added connection conn100: url=jdbc:h2:mem:testdb user=SA
2023-09-27T12:25:44.648+02:00  INFO 22664 --- [           main] com.zaxxer.hikari.HikariDataSource       : HikariPool-11 - Start completed.
2023-09-27T12:25:44.674+02:00  INFO 22664 --- [           main] o.h.b.i.BytecodeProviderInitiator        : HHH000021: Bytecode provider name : bytebuddy
2023-09-27T12:25:45.043+02:00  INFO 22664 --- [           main] o.h.e.t.j.p.i.JtaPlatformInitiator       : HHH000490: Using JtaPlatform implementation: [org.hibernate.engine.transaction.jta.platform.internal.NoJtaPlatform]
Hibernate: 
    drop table if exists account cascade 
Hibernate: 
    drop table if exists routes cascade 
Hibernate: 
    create table account (
        is_payment_set boolean not null,
        payment_history integer not null,
        id bigint generated by default as identity,
        email varchar(255) not null unique,
        payment_method varchar(255) not null,
        phone varchar(255) not null,
        role varchar(255) not null,
        username varchar(255) not null unique,
        primary key (id)
    )
Hibernate: 
    create table routes (
        price float(53) not null,
        account_id bigint,
        id bigint generated by default as identity,
        arrival varchar(255) not null,
        departure varchar(255) not null,
        est_arrival varchar(255) not null,
        est_departure varchar(255) not null,
        supplier varchar(255) not null,
        transport_type varchar(255) not null,
        primary key (id)
    )
Hibernate: 
    alter table if exists routes 
       add constraint FKsaknftxvk67s49cn8bwvhucgt 
       foreign key (account_id) 
       references account
2023-09-27T12:25:45.060+02:00  INFO 22664 --- [           main] j.LocalContainerEntityManagerFactoryBean : Initialized JPA EntityManagerFactory for persistence unit 'default'
2023-09-27T12:25:45.185+02:00  WARN 22664 --- [           main] JpaBaseConfiguration$JpaWebConfiguration : spring.jpa.open-in-view is enabled by default. Therefore, database queries may be performed during view rendering. Explicitly configure spring.jpa.open-in-view to disable this warning
2023-09-27T12:25:45.398+02:00  INFO 22664 --- [           main] c.e.u.auth.AuthServiceIntegrationTest    : Started AuthServiceIntegrationTest in 1.527 seconds (process running for 22.45)
Hibernate: 
    select
        count(*) 
    from
        account a1_0 
    where
        a1_0.id=?
2023-09-27T12:25:45.413+02:00  INFO 22664 --- [           main] j.LocalContainerEntityManagerFactoryBean : Closing JPA EntityManagerFactory for persistence unit 'default'
2023-09-27T12:25:45.415+02:00  INFO 22664 --- [           main] com.zaxxer.hikari.HikariDataSource       : HikariPool-11 - Shutdown initiated...
2023-09-27T12:25:45.416+02:00  INFO 22664 --- [           main] com.zaxxer.hikari.HikariDataSource       : HikariPool-11 - Shutdown completed.
]]></system-out>
  </testcase>
  <testcase name="ShouldReturnValidSupplier_IfAccountIsASupplier" classname="com.example.urbanmobility.auth.AuthServiceIntegrationTest" time="0.06">
    <system-out><![CDATA[
  .   ____          _            __ _ _
 /\\ / ___'_ __ _ _(_)_ __  __ _ \ \ \ \
( ( )\___ | '_ | '_| | '_ \/ _` | \ \ \ \
 \\/  ___)| |_)| | | | | || (_| |  ) ) ) )
  '  |____| .__|_| |_|_| |_\__, | / / / /
 =========|_|==============|___/=/_/_/_/
 :: Spring Boot ::                (v3.1.3)

2023-09-27T12:25:45.445+02:00  INFO 22664 --- [           main] c.e.u.auth.AuthServiceIntegrationTest    : Starting AuthServiceIntegrationTest using Java 17.0.8 with PID 22664 (started by roder in C:\Dev\backend\spring\tutorial\start\urban-mobility)
2023-09-27T12:25:45.446+02:00  INFO 22664 --- [           main] c.e.u.auth.AuthServiceIntegrationTest    : No active profile set, falling back to 1 default profile: "default"
2023-09-27T12:25:45.720+02:00  INFO 22664 --- [           main] .s.d.r.c.RepositoryConfigurationDelegate : Bootstrapping Spring Data JPA repositories in DEFAULT mode.
2023-09-27T12:25:45.745+02:00  INFO 22664 --- [           main] .s.d.r.c.RepositoryConfigurationDelegate : Finished Spring Data repository scanning in 25 ms. Found 2 JPA repository interfaces.
2023-09-27T12:25:45.818+02:00  INFO 22664 --- [           main] o.hibernate.jpa.internal.util.LogHelper  : HHH000204: Processing PersistenceUnitInfo [name: default]
2023-09-27T12:25:45.827+02:00  INFO 22664 --- [           main] o.h.b.i.BytecodeProviderInitiator        : HHH000021: Bytecode provider name : bytebuddy
2023-09-27T12:25:45.827+02:00  INFO 22664 --- [           main] o.s.o.j.p.SpringPersistenceUnitInfo      : No LoadTimeWeaver setup: ignoring JPA class transformer
2023-09-27T12:25:45.829+02:00  INFO 22664 --- [           main] com.zaxxer.hikari.HikariDataSource       : HikariPool-12 - Starting...
2023-09-27T12:25:45.832+02:00  INFO 22664 --- [           main] com.zaxxer.hikari.pool.HikariPool        : HikariPool-12 - Added connection conn110: url=jdbc:h2:mem:testdb user=SA
2023-09-27T12:25:45.832+02:00  INFO 22664 --- [           main] com.zaxxer.hikari.HikariDataSource       : HikariPool-12 - Start completed.
2023-09-27T12:25:45.851+02:00  INFO 22664 --- [           main] o.h.b.i.BytecodeProviderInitiator        : HHH000021: Bytecode provider name : bytebuddy
2023-09-27T12:25:45.889+02:00  INFO 22664 --- [           main] o.h.e.t.j.p.i.JtaPlatformInitiator       : HHH000490: Using JtaPlatform implementation: [org.hibernate.engine.transaction.jta.platform.internal.NoJtaPlatform]
Hibernate: 
    drop table if exists account cascade 
Hibernate: 
    drop table if exists routes cascade 
Hibernate: 
    create table account (
        is_payment_set boolean not null,
        payment_history integer not null,
        id bigint generated by default as identity,
        email varchar(255) not null unique,
        payment_method varchar(255) not null,
        phone varchar(255) not null,
        role varchar(255) not null,
        username varchar(255) not null unique,
        primary key (id)
    )
Hibernate: 
    create table routes (
        price float(53) not null,
        account_id bigint,
        id bigint generated by default as identity,
        arrival varchar(255) not null,
        departure varchar(255) not null,
        est_arrival varchar(255) not null,
        est_departure varchar(255) not null,
        supplier varchar(255) not null,
        transport_type varchar(255) not null,
        primary key (id)
    )
Hibernate: 
    alter table if exists routes 
       add constraint FKsaknftxvk67s49cn8bwvhucgt 
       foreign key (account_id) 
       references account
2023-09-27T12:25:45.896+02:00  INFO 22664 --- [           main] j.LocalContainerEntityManagerFactoryBean : Initialized JPA EntityManagerFactory for persistence unit 'default'
2023-09-27T12:25:46.087+02:00  WARN 22664 --- [           main] JpaBaseConfiguration$JpaWebConfiguration : spring.jpa.open-in-view is enabled by default. Therefore, database queries may be performed during view rendering. Explicitly configure spring.jpa.open-in-view to disable this warning
2023-09-27T12:25:46.191+02:00  INFO 22664 --- [           main] c.e.u.auth.AuthServiceIntegrationTest    : Started AuthServiceIntegrationTest in 0.771 seconds (process running for 23.243)
Hibernate: 
    select
        a1_0.id,
        a1_0.email,
        a1_0.is_payment_set,
        a1_0.payment_history,
        a1_0.payment_method,
        a1_0.phone,
        a1_0.role,
        a1_0.username 
    from
        account a1_0 
    where
        a1_0.username=?
Hibernate: 
    select
        a1_0.id,
        a1_0.email,
        a1_0.is_payment_set,
        a1_0.payment_history,
        a1_0.payment_method,
        a1_0.phone,
        a1_0.role,
        a1_0.username 
    from
        account a1_0 
    where
        a1_0.email=?
Hibernate: 
    select
        a1_0.id,
        a1_0.email,
        a1_0.is_payment_set,
        a1_0.payment_history,
        a1_0.payment_method,
        a1_0.phone,
        a1_0.role,
        a1_0.username,
        r1_0.account_id,
        r1_0.id,
        r1_0.arrival,
        r1_0.departure,
        r1_0.est_arrival,
        r1_0.est_departure,
        r1_0.price,
        r1_0.supplier,
        r1_0.transport_type 
    from
        account a1_0 
    left join
        routes r1_0 
            on a1_0.id=r1_0.account_id 
    where
        a1_0.id=?
Hibernate: 
    insert 
    into
        account
        (email,is_payment_set,payment_history,payment_method,phone,role,username,id) 
    values
        (?,?,?,?,?,?,?,default)
Hibernate: 
    select
        count(*) 
    from
        account a1_0 
    where
        a1_0.id=?
Hibernate: 
    select
        a1_0.id,
        a1_0.email,
        a1_0.is_payment_set,
        a1_0.payment_history,
        a1_0.payment_method,
        a1_0.phone,
        a1_0.role,
        a1_0.username 
    from
        account a1_0 
    where
        a1_0.id=?
2023-09-27T12:25:46.248+02:00  INFO 22664 --- [           main] j.LocalContainerEntityManagerFactoryBean : Closing JPA EntityManagerFactory for persistence unit 'default'
2023-09-27T12:25:46.249+02:00  INFO 22664 --- [           main] com.zaxxer.hikari.HikariDataSource       : HikariPool-12 - Shutdown initiated...
2023-09-27T12:25:46.253+02:00  INFO 22664 --- [           main] com.zaxxer.hikari.HikariDataSource       : HikariPool-12 - Shutdown completed.
]]></system-out>
  </testcase>
</testsuite>